{"C:\\Users\\User\\Documents\\www\\aviatickets\\src\\js\\app.js": {"path":"C:\\Users\\User\\Documents\\www\\aviatickets\\src\\js\\app.js","statementMap":{"0":{"start":{"line":10,"column":0},"end":{"line":76,"column":3}},"1":{"start":{"line":11,"column":2},"end":{"line":11,"column":12}},"2":{"start":{"line":12,"column":15},"end":{"line":12,"column":26}},"3":{"start":{"line":14,"column":2},"end":{"line":17,"column":5}},"4":{"start":{"line":15,"column":4},"end":{"line":15,"column":23}},"5":{"start":{"line":16,"column":4},"end":{"line":16,"column":19}},"6":{"start":{"line":19,"column":2},"end":{"line":31,"column":5}},"7":{"start":{"line":20,"column":4},"end":{"line":30,"column":5}},"8":{"start":{"line":21,"column":19},"end":{"line":21,"column":61}},"9":{"start":{"line":22,"column":6},"end":{"line":22,"column":41}},"10":{"start":{"line":23,"column":6},"end":{"line":23,"column":64}},"11":{"start":{"line":24,"column":6},"end":{"line":24,"column":50}},"12":{"start":{"line":25,"column":6},"end":{"line":25,"column":41}},"13":{"start":{"line":26,"column":6},"end":{"line":29,"column":9}},"14":{"start":{"line":33,"column":2},"end":{"line":49,"column":5}},"15":{"start":{"line":34,"column":4},"end":{"line":48,"column":5}},"16":{"start":{"line":35,"column":19},"end":{"line":35,"column":61}},"17":{"start":{"line":36,"column":6},"end":{"line":36,"column":46}},"18":{"start":{"line":37,"column":6},"end":{"line":37,"column":64}},"19":{"start":{"line":38,"column":6},"end":{"line":43,"column":9}},"20":{"start":{"line":39,"column":8},"end":{"line":42,"column":9}},"21":{"start":{"line":40,"column":10},"end":{"line":40,"column":48}},"22":{"start":{"line":41,"column":10},"end":{"line":41,"column":42}},"23":{"start":{"line":44,"column":6},"end":{"line":47,"column":9}},"24":{"start":{"line":53,"column":4},"end":{"line":53,"column":27}},"25":{"start":{"line":54,"column":4},"end":{"line":54,"column":58}},"26":{"start":{"line":60,"column":19},"end":{"line":60,"column":65}},"27":{"start":{"line":61,"column":24},"end":{"line":61,"column":75}},"28":{"start":{"line":62,"column":24},"end":{"line":62,"column":46}},"29":{"start":{"line":63,"column":24},"end":{"line":63,"column":46}},"30":{"start":{"line":64,"column":21},"end":{"line":64,"column":45}},"31":{"start":{"line":67,"column":4},"end":{"line":73,"column":7}},"32":{"start":{"line":74,"column":4},"end":{"line":74,"column":50}},"33":{"start":{"line":79,"column":0},"end":{"line":83,"column":1}},"34":{"start":{"line":80,"column":2},"end":{"line":80,"column":33}},"35":{"start":{"line":81,"column":7},"end":{"line":83,"column":1}},"36":{"start":{"line":82,"column":2},"end":{"line":82,"column":34}}},"fnMap":{"0":{"name":"(anonymous_0)","decl":{"start":{"line":10,"column":46},"end":{"line":10,"column":47}},"loc":{"start":{"line":10,"column":53},"end":{"line":76,"column":1}},"line":10},"1":{"name":"(anonymous_1)","decl":{"start":{"line":14,"column":34},"end":{"line":14,"column":35}},"loc":{"start":{"line":14,"column":41},"end":{"line":17,"column":3}},"line":14},"2":{"name":"(anonymous_2)","decl":{"start":{"line":19,"column":48},"end":{"line":19,"column":49}},"loc":{"start":{"line":19,"column":55},"end":{"line":31,"column":3}},"line":19},"3":{"name":"(anonymous_3)","decl":{"start":{"line":33,"column":57},"end":{"line":33,"column":58}},"loc":{"start":{"line":33,"column":64},"end":{"line":49,"column":3}},"line":33},"4":{"name":"(anonymous_4)","decl":{"start":{"line":38,"column":38},"end":{"line":38,"column":39}},"loc":{"start":{"line":38,"column":46},"end":{"line":43,"column":7}},"line":38},"5":{"name":"initApp","decl":{"start":{"line":52,"column":17},"end":{"line":52,"column":24}},"loc":{"start":{"line":52,"column":27},"end":{"line":55,"column":3}},"line":52},"6":{"name":"onFormSubmit","decl":{"start":{"line":57,"column":17},"end":{"line":57,"column":29}},"loc":{"start":{"line":57,"column":32},"end":{"line":75,"column":3}},"line":57}},"branchMap":{"0":{"loc":{"start":{"line":20,"column":4},"end":{"line":30,"column":5}},"type":"if","locations":[{"start":{"line":20,"column":4},"end":{"line":30,"column":5}},{"start":{"line":20,"column":4},"end":{"line":30,"column":5}}],"line":20},"1":{"loc":{"start":{"line":34,"column":4},"end":{"line":48,"column":5}},"type":"if","locations":[{"start":{"line":34,"column":4},"end":{"line":48,"column":5}},{"start":{"line":34,"column":4},"end":{"line":48,"column":5}}],"line":34},"2":{"loc":{"start":{"line":39,"column":8},"end":{"line":42,"column":9}},"type":"if","locations":[{"start":{"line":39,"column":8},"end":{"line":42,"column":9}},{"start":{"line":39,"column":8},"end":{"line":42,"column":9}}],"line":39},"3":{"loc":{"start":{"line":79,"column":0},"end":{"line":83,"column":1}},"type":"if","locations":[{"start":{"line":79,"column":0},"end":{"line":83,"column":1}},{"start":{"line":79,"column":0},"end":{"line":83,"column":1}}],"line":79},"4":{"loc":{"start":{"line":81,"column":7},"end":{"line":83,"column":1}},"type":"if","locations":[{"start":{"line":81,"column":7},"end":{"line":83,"column":1}},{"start":{"line":81,"column":7},"end":{"line":83,"column":1}}],"line":81}},"s":{"0":0,"1":0,"2":0,"3":0,"4":0,"5":0,"6":0,"7":0,"8":0,"9":0,"10":0,"11":0,"12":0,"13":0,"14":0,"15":0,"16":0,"17":0,"18":0,"19":0,"20":0,"21":0,"22":0,"23":0,"24":0,"25":0,"26":0,"27":0,"28":0,"29":0,"30":0,"31":0,"32":0,"33":0,"34":0,"35":0,"36":0},"f":{"0":0,"1":0,"2":0,"3":0,"4":0,"5":0,"6":0},"b":{"0":[0,0],"1":[0,0],"2":[0,0],"3":[0,0],"4":[0,0]}}
,"C:\\Users\\User\\Documents\\www\\aviatickets\\src\\js\\config\\apiConfig.js": {"path":"C:\\Users\\User\\Documents\\www\\aviatickets\\src\\js\\config\\apiConfig.js","statementMap":{"0":{"start":{"line":1,"column":15},"end":{"line":3,"column":1}}},"fnMap":{},"branchMap":{},"s":{"0":0},"f":{},"b":{}}
,"C:\\Users\\User\\Documents\\www\\aviatickets\\src\\js\\helpers\\date.js": {"path":"C:\\Users\\User\\Documents\\www\\aviatickets\\src\\js\\helpers\\date.js","statementMap":{"0":{"start":{"line":8,"column":15},"end":{"line":8,"column":28}},"1":{"start":{"line":9,"column":2},"end":{"line":9,"column":28}}},"fnMap":{"0":{"name":"formatDate","decl":{"start":{"line":7,"column":16},"end":{"line":7,"column":26}},"loc":{"start":{"line":7,"column":38},"end":{"line":10,"column":1}},"line":7}},"branchMap":{},"s":{"0":1,"1":1},"f":{"0":1},"b":{},"_coverageSchema":"1a1c01bbd47fc00a2c39e90264f33305004495a9","hash":"7d85c28abc6ff41798bef6fe87b96371d2b0c20f"}
,"C:\\Users\\User\\Documents\\www\\aviatickets\\src\\js\\plugins\\index.js": {"path":"C:\\Users\\User\\Documents\\www\\aviatickets\\src\\js\\plugins\\index.js","statementMap":{},"fnMap":{},"branchMap":{},"s":{},"f":{},"b":{}}
,"C:\\Users\\User\\Documents\\www\\aviatickets\\src\\js\\plugins\\materialize.js": {"path":"C:\\Users\\User\\Documents\\www\\aviatickets\\src\\js\\plugins\\materialize.js","statementMap":{"0":{"start":{"line":5,"column":15},"end":{"line":5,"column":47}},"1":{"start":{"line":6,"column":0},"end":{"line":6,"column":26}},"2":{"start":{"line":9,"column":2},"end":{"line":9,"column":40}},"3":{"start":{"line":13,"column":21},"end":{"line":13,"column":63}},"4":{"start":{"line":14,"column":0},"end":{"line":14,"column":38}},"5":{"start":{"line":17,"column":2},"end":{"line":17,"column":42}},"6":{"start":{"line":21,"column":20},"end":{"line":21,"column":60}},"7":{"start":{"line":22,"column":0},"end":{"line":25,"column":3}},"8":{"start":{"line":28,"column":2},"end":{"line":28,"column":40}},"9":{"start":{"line":33,"column":17},"end":{"line":33,"column":63}},"10":{"start":{"line":34,"column":0},"end":{"line":34,"column":26}},"11":{"start":{"line":38,"column":2},"end":{"line":38,"column":38}}},"fnMap":{"0":{"name":"getSelectInstance","decl":{"start":{"line":8,"column":16},"end":{"line":8,"column":33}},"loc":{"start":{"line":8,"column":40},"end":{"line":10,"column":1}},"line":8},"1":{"name":"getAutocompleteInstance","decl":{"start":{"line":16,"column":16},"end":{"line":16,"column":39}},"loc":{"start":{"line":16,"column":46},"end":{"line":18,"column":1}},"line":16},"2":{"name":"getDatepickerInstance","decl":{"start":{"line":27,"column":16},"end":{"line":27,"column":37}},"loc":{"start":{"line":27,"column":44},"end":{"line":29,"column":1}},"line":27},"3":{"name":"getDropDownInstance","decl":{"start":{"line":37,"column":16},"end":{"line":37,"column":35}},"loc":{"start":{"line":37,"column":42},"end":{"line":39,"column":1}},"line":37}},"branchMap":{},"s":{"0":0,"1":0,"2":0,"3":0,"4":0,"5":0,"6":0,"7":0,"8":0,"9":0,"10":0,"11":0},"f":{"0":0,"1":0,"2":0,"3":0},"b":{}}
,"C:\\Users\\User\\Documents\\www\\aviatickets\\src\\js\\services\\apiService.js": {"path":"C:\\Users\\User\\Documents\\www\\aviatickets\\src\\js\\services\\apiService.js","statementMap":{"0":{"start":{"line":10,"column":4},"end":{"line":10,"column":26}},"1":{"start":{"line":13,"column":4},"end":{"line":19,"column":5}},"2":{"start":{"line":14,"column":23},"end":{"line":14,"column":63}},"3":{"start":{"line":15,"column":6},"end":{"line":15,"column":27}},"4":{"start":{"line":17,"column":6},"end":{"line":17,"column":23}},"5":{"start":{"line":18,"column":6},"end":{"line":18,"column":33}},"6":{"start":{"line":22,"column":4},"end":{"line":28,"column":5}},"7":{"start":{"line":23,"column":23},"end":{"line":23,"column":62}},"8":{"start":{"line":24,"column":6},"end":{"line":24,"column":27}},"9":{"start":{"line":26,"column":6},"end":{"line":26,"column":23}},"10":{"start":{"line":27,"column":6},"end":{"line":27,"column":33}},"11":{"start":{"line":31,"column":4},"end":{"line":37,"column":5}},"12":{"start":{"line":32,"column":23},"end":{"line":32,"column":60}},"13":{"start":{"line":33,"column":6},"end":{"line":33,"column":27}},"14":{"start":{"line":35,"column":6},"end":{"line":35,"column":23}},"15":{"start":{"line":36,"column":6},"end":{"line":36,"column":33}},"16":{"start":{"line":40,"column":4},"end":{"line":48,"column":5}},"17":{"start":{"line":41,"column":23},"end":{"line":43,"column":8}},"18":{"start":{"line":44,"column":6},"end":{"line":44,"column":27}},"19":{"start":{"line":46,"column":6},"end":{"line":46,"column":23}},"20":{"start":{"line":47,"column":6},"end":{"line":47,"column":33}},"21":{"start":{"line":52,"column":12},"end":{"line":52,"column":27}}},"fnMap":{"0":{"name":"(anonymous_0)","decl":{"start":{"line":9,"column":2},"end":{"line":9,"column":3}},"loc":{"start":{"line":9,"column":22},"end":{"line":11,"column":3}},"line":9},"1":{"name":"(anonymous_1)","decl":{"start":{"line":12,"column":2},"end":{"line":12,"column":3}},"loc":{"start":{"line":12,"column":20},"end":{"line":20,"column":3}},"line":12},"2":{"name":"(anonymous_2)","decl":{"start":{"line":21,"column":2},"end":{"line":21,"column":3}},"loc":{"start":{"line":21,"column":19},"end":{"line":29,"column":3}},"line":21},"3":{"name":"(anonymous_3)","decl":{"start":{"line":30,"column":2},"end":{"line":30,"column":3}},"loc":{"start":{"line":30,"column":17},"end":{"line":38,"column":3}},"line":30},"4":{"name":"(anonymous_4)","decl":{"start":{"line":39,"column":2},"end":{"line":39,"column":3}},"loc":{"start":{"line":39,"column":23},"end":{"line":49,"column":3}},"line":39}},"branchMap":{},"s":{"0":0,"1":0,"2":0,"3":0,"4":0,"5":0,"6":0,"7":0,"8":0,"9":0,"10":0,"11":0,"12":0,"13":0,"14":0,"15":0,"16":0,"17":0,"18":0,"19":0,"20":0,"21":0},"f":{"0":0,"1":0,"2":0,"3":0,"4":0},"b":{}}
,"C:\\Users\\User\\Documents\\www\\aviatickets\\src\\js\\store\\favorite.js": {"path":"C:\\Users\\User\\Documents\\www\\aviatickets\\src\\js\\store\\favorite.js","statementMap":{"0":{"start":{"line":5,"column":4},"end":{"line":5,"column":20}},"1":{"start":{"line":9,"column":4},"end":{"line":11,"column":5}},"2":{"start":{"line":10,"column":6},"end":{"line":10,"column":30}},"3":{"start":{"line":12,"column":4},"end":{"line":14,"column":7}},"4":{"start":{"line":13,"column":6},"end":{"line":13,"column":61}},"5":{"start":{"line":15,"column":4},"end":{"line":15,"column":28}},"6":{"start":{"line":19,"column":4},"end":{"line":21,"column":7}},"7":{"start":{"line":20,"column":6},"end":{"line":20,"column":61}},"8":{"start":{"line":25,"column":18},"end":{"line":25,"column":33}}},"fnMap":{"0":{"name":"(anonymous_0)","decl":{"start":{"line":4,"column":2},"end":{"line":4,"column":3}},"loc":{"start":{"line":4,"column":16},"end":{"line":6,"column":3}},"line":4},"1":{"name":"(anonymous_1)","decl":{"start":{"line":8,"column":2},"end":{"line":8,"column":3}},"loc":{"start":{"line":8,"column":27},"end":{"line":16,"column":3}},"line":8},"2":{"name":"(anonymous_2)","decl":{"start":{"line":12,"column":35},"end":{"line":12,"column":36}},"loc":{"start":{"line":12,"column":45},"end":{"line":14,"column":5}},"line":12},"3":{"name":"(anonymous_3)","decl":{"start":{"line":18,"column":2},"end":{"line":18,"column":3}},"loc":{"start":{"line":18,"column":32},"end":{"line":22,"column":3}},"line":18},"4":{"name":"(anonymous_4)","decl":{"start":{"line":19,"column":35},"end":{"line":19,"column":36}},"loc":{"start":{"line":19,"column":45},"end":{"line":21,"column":5}},"line":19}},"branchMap":{"0":{"loc":{"start":{"line":9,"column":4},"end":{"line":11,"column":5}},"type":"if","locations":[{"start":{"line":9,"column":4},"end":{"line":11,"column":5}},{"start":{"line":9,"column":4},"end":{"line":11,"column":5}}],"line":9}},"s":{"0":0,"1":0,"2":0,"3":0,"4":0,"5":0,"6":0,"7":0,"8":0},"f":{"0":0,"1":0,"2":0,"3":0,"4":0},"b":{"0":[0,0]}}
,"C:\\Users\\User\\Documents\\www\\aviatickets\\src\\js\\store\\locations.js": {"path":"C:\\Users\\User\\Documents\\www\\aviatickets\\src\\js\\store\\locations.js","statementMap":{"0":{"start":{"line":6,"column":4},"end":{"line":6,"column":19}},"1":{"start":{"line":7,"column":4},"end":{"line":7,"column":26}},"2":{"start":{"line":8,"column":4},"end":{"line":8,"column":23}},"3":{"start":{"line":9,"column":4},"end":{"line":9,"column":30}},"4":{"start":{"line":10,"column":4},"end":{"line":10,"column":23}},"5":{"start":{"line":11,"column":4},"end":{"line":11,"column":25}},"6":{"start":{"line":12,"column":4},"end":{"line":12,"column":41}},"7":{"start":{"line":15,"column":21},"end":{"line":19,"column":6}},"8":{"start":{"line":20,"column":42},"end":{"line":20,"column":50}},"9":{"start":{"line":21,"column":4},"end":{"line":21,"column":56}},"10":{"start":{"line":22,"column":4},"end":{"line":22,"column":47}},"11":{"start":{"line":23,"column":4},"end":{"line":23,"column":67}},"12":{"start":{"line":24,"column":4},"end":{"line":24,"column":53}},"13":{"start":{"line":25,"column":4},"end":{"line":25,"column":20}},"14":{"start":{"line":29,"column":17},"end":{"line":31,"column":5}},"15":{"start":{"line":30,"column":16},"end":{"line":30,"column":38}},"16":{"start":{"line":32,"column":4},"end":{"line":32,"column":21}},"17":{"start":{"line":36,"column":4},"end":{"line":36,"column":34}},"18":{"start":{"line":40,"column":4},"end":{"line":43,"column":11}},"19":{"start":{"line":41,"column":6},"end":{"line":41,"column":33}},"20":{"start":{"line":42,"column":6},"end":{"line":42,"column":17}},"21":{"start":{"line":48,"column":4},"end":{"line":51,"column":11}},"22":{"start":{"line":49,"column":6},"end":{"line":49,"column":34}},"23":{"start":{"line":50,"column":6},"end":{"line":50,"column":17}},"24":{"start":{"line":54,"column":4},"end":{"line":59,"column":11}},"25":{"start":{"line":55,"column":6},"end":{"line":55,"column":64}},"26":{"start":{"line":56,"column":6},"end":{"line":56,"column":57}},"27":{"start":{"line":57,"column":6},"end":{"line":57,"column":28}},"28":{"start":{"line":58,"column":6},"end":{"line":58,"column":17}},"29":{"start":{"line":63,"column":4},"end":{"line":74,"column":11}},"30":{"start":{"line":64,"column":27},"end":{"line":64,"column":71}},"31":{"start":{"line":65,"column":6},"end":{"line":65,"column":57}},"32":{"start":{"line":66,"column":24},"end":{"line":66,"column":62}},"33":{"start":{"line":67,"column":24},"end":{"line":67,"column":55}},"34":{"start":{"line":68,"column":6},"end":{"line":72,"column":8}},"35":{"start":{"line":73,"column":6},"end":{"line":73,"column":17}},"36":{"start":{"line":78,"column":4},"end":{"line":78,"column":37}},"37":{"start":{"line":82,"column":4},"end":{"line":82,"column":63}},"38":{"start":{"line":86,"column":4},"end":{"line":86,"column":63}},"39":{"start":{"line":89,"column":21},"end":{"line":89,"column":50}},"40":{"start":{"line":90,"column":4},"end":{"line":90,"column":59}},"41":{"start":{"line":91,"column":4},"end":{"line":91,"column":33}},"42":{"start":{"line":95,"column":4},"end":{"line":105,"column":7}},"43":{"start":{"line":96,"column":6},"end":{"line":104,"column":8}},"44":{"start":{"line":109,"column":18},"end":{"line":109,"column":52}}},"fnMap":{"0":{"name":"(anonymous_0)","decl":{"start":{"line":5,"column":2},"end":{"line":5,"column":3}},"loc":{"start":{"line":5,"column":28},"end":{"line":13,"column":3}},"line":5},"1":{"name":"(anonymous_1)","decl":{"start":{"line":14,"column":2},"end":{"line":14,"column":3}},"loc":{"start":{"line":14,"column":15},"end":{"line":26,"column":3}},"line":14},"2":{"name":"(anonymous_2)","decl":{"start":{"line":28,"column":2},"end":{"line":28,"column":3}},"loc":{"start":{"line":28,"column":24},"end":{"line":33,"column":3}},"line":28},"3":{"name":"(anonymous_3)","decl":{"start":{"line":30,"column":6},"end":{"line":30,"column":7}},"loc":{"start":{"line":30,"column":16},"end":{"line":30,"column":38}},"line":30},"4":{"name":"(anonymous_4)","decl":{"start":{"line":35,"column":2},"end":{"line":35,"column":3}},"loc":{"start":{"line":35,"column":26},"end":{"line":37,"column":3}},"line":35},"5":{"name":"(anonymous_5)","decl":{"start":{"line":39,"column":2},"end":{"line":39,"column":3}},"loc":{"start":{"line":39,"column":32},"end":{"line":44,"column":3}},"line":39},"6":{"name":"(anonymous_6)","decl":{"start":{"line":40,"column":41},"end":{"line":40,"column":42}},"loc":{"start":{"line":40,"column":60},"end":{"line":43,"column":5}},"line":40},"7":{"name":"(anonymous_7)","decl":{"start":{"line":46,"column":2},"end":{"line":46,"column":3}},"loc":{"start":{"line":46,"column":32},"end":{"line":52,"column":3}},"line":46},"8":{"name":"(anonymous_8)","decl":{"start":{"line":48,"column":28},"end":{"line":48,"column":29}},"loc":{"start":{"line":48,"column":46},"end":{"line":51,"column":5}},"line":48},"9":{"name":"(anonymous_9)","decl":{"start":{"line":53,"column":2},"end":{"line":53,"column":3}},"loc":{"start":{"line":53,"column":30},"end":{"line":60,"column":3}},"line":53},"10":{"name":"(anonymous_10)","decl":{"start":{"line":54,"column":27},"end":{"line":54,"column":28}},"loc":{"start":{"line":54,"column":42},"end":{"line":59,"column":5}},"line":54},"11":{"name":"(anonymous_11)","decl":{"start":{"line":61,"column":2},"end":{"line":61,"column":3}},"loc":{"start":{"line":61,"column":26},"end":{"line":75,"column":3}},"line":61},"12":{"name":"(anonymous_12)","decl":{"start":{"line":63,"column":25},"end":{"line":63,"column":26}},"loc":{"start":{"line":63,"column":40},"end":{"line":74,"column":5}},"line":63},"13":{"name":"(anonymous_13)","decl":{"start":{"line":77,"column":2},"end":{"line":77,"column":3}},"loc":{"start":{"line":77,"column":29},"end":{"line":79,"column":3}},"line":77},"14":{"name":"(anonymous_14)","decl":{"start":{"line":81,"column":2},"end":{"line":81,"column":3}},"loc":{"start":{"line":81,"column":29},"end":{"line":83,"column":3}},"line":81},"15":{"name":"(anonymous_15)","decl":{"start":{"line":85,"column":2},"end":{"line":85,"column":3}},"loc":{"start":{"line":85,"column":29},"end":{"line":87,"column":3}},"line":85},"16":{"name":"(anonymous_16)","decl":{"start":{"line":88,"column":2},"end":{"line":88,"column":3}},"loc":{"start":{"line":88,"column":29},"end":{"line":92,"column":3}},"line":88},"17":{"name":"(anonymous_17)","decl":{"start":{"line":94,"column":2},"end":{"line":94,"column":3}},"loc":{"start":{"line":94,"column":28},"end":{"line":106,"column":3}},"line":94},"18":{"name":"(anonymous_18)","decl":{"start":{"line":95,"column":38},"end":{"line":95,"column":39}},"loc":{"start":{"line":95,"column":50},"end":{"line":105,"column":5}},"line":95}},"branchMap":{"0":{"loc":{"start":{"line":56,"column":18},"end":{"line":56,"column":56}},"type":"binary-expr","locations":[{"start":{"line":56,"column":18},"end":{"line":56,"column":27}},{"start":{"line":56,"column":31},"end":{"line":56,"column":56}}],"line":56},"1":{"loc":{"start":{"line":65,"column":18},"end":{"line":65,"column":56}},"type":"binary-expr","locations":[{"start":{"line":65,"column":18},"end":{"line":65,"column":27}},{"start":{"line":65,"column":31},"end":{"line":65,"column":56}}],"line":65},"2":{"loc":{"start":{"line":66,"column":24},"end":{"line":66,"column":62}},"type":"binary-expr","locations":[{"start":{"line":66,"column":24},"end":{"line":66,"column":33}},{"start":{"line":66,"column":37},"end":{"line":66,"column":62}}],"line":66},"3":{"loc":{"start":{"line":82,"column":11},"end":{"line":82,"column":62}},"type":"cond-expr","locations":[{"start":{"line":82,"column":33},"end":{"line":82,"column":57}},{"start":{"line":82,"column":60},"end":{"line":82,"column":62}}],"line":82},"4":{"loc":{"start":{"line":86,"column":11},"end":{"line":86,"column":62}},"type":"cond-expr","locations":[{"start":{"line":86,"column":33},"end":{"line":86,"column":57}},{"start":{"line":86,"column":60},"end":{"line":86,"column":62}}],"line":86}},"s":{"0":0,"1":0,"2":0,"3":0,"4":0,"5":0,"6":0,"7":0,"8":0,"9":0,"10":0,"11":0,"12":0,"13":0,"14":0,"15":0,"16":0,"17":0,"18":0,"19":0,"20":0,"21":0,"22":0,"23":0,"24":0,"25":0,"26":0,"27":0,"28":0,"29":0,"30":0,"31":0,"32":0,"33":0,"34":0,"35":0,"36":0,"37":0,"38":0,"39":0,"40":0,"41":0,"42":0,"43":0,"44":0},"f":{"0":0,"1":0,"2":0,"3":0,"4":0,"5":0,"6":0,"7":0,"8":0,"9":0,"10":0,"11":0,"12":0,"13":0,"14":0,"15":0,"16":0,"17":0,"18":0},"b":{"0":[0,0],"1":[0,0],"2":[0,0],"3":[0,0],"4":[0,0]}}
,"C:\\Users\\User\\Documents\\www\\aviatickets\\src\\js\\views\\currency.js": {"path":"C:\\Users\\User\\Documents\\www\\aviatickets\\src\\js\\views\\currency.js","statementMap":{"0":{"start":{"line":3,"column":4},"end":{"line":3,"column":56}},"1":{"start":{"line":4,"column":4},"end":{"line":7,"column":6}},"2":{"start":{"line":10,"column":4},"end":{"line":10,"column":31}},"3":{"start":{"line":14,"column":4},"end":{"line":14,"column":47}},"4":{"start":{"line":18,"column":19},"end":{"line":18,"column":35}}},"fnMap":{"0":{"name":"(anonymous_0)","decl":{"start":{"line":2,"column":2},"end":{"line":2,"column":3}},"loc":{"start":{"line":2,"column":16},"end":{"line":8,"column":3}},"line":2},"1":{"name":"(anonymous_1)","decl":{"start":{"line":9,"column":2},"end":{"line":9,"column":3}},"loc":{"start":{"line":9,"column":22},"end":{"line":11,"column":3}},"line":9},"2":{"name":"(anonymous_2)","decl":{"start":{"line":13,"column":2},"end":{"line":13,"column":3}},"loc":{"start":{"line":13,"column":22},"end":{"line":15,"column":3}},"line":13}},"branchMap":{},"s":{"0":0,"1":0,"2":0,"3":0,"4":0},"f":{"0":0,"1":0,"2":0},"b":{}}
,"C:\\Users\\User\\Documents\\www\\aviatickets\\src\\js\\views\\favoriteDropDown.js": {"path":"C:\\Users\\User\\Documents\\www\\aviatickets\\src\\js\\views\\favoriteDropDown.js","statementMap":{"0":{"start":{"line":5,"column":4},"end":{"line":5,"column":65}},"1":{"start":{"line":6,"column":4},"end":{"line":6,"column":24}},"2":{"start":{"line":7,"column":4},"end":{"line":7,"column":71}},"3":{"start":{"line":11,"column":4},"end":{"line":11,"column":26}},"4":{"start":{"line":12,"column":19},"end":{"line":12,"column":21}},"5":{"start":{"line":13,"column":21},"end":{"line":13,"column":45}},"6":{"start":{"line":14,"column":4},"end":{"line":17,"column":7}},"7":{"start":{"line":15,"column":23},"end":{"line":15,"column":76}},"8":{"start":{"line":16,"column":6},"end":{"line":16,"column":27}},"9":{"start":{"line":18,"column":4},"end":{"line":18,"column":62}},"10":{"start":{"line":19,"column":4},"end":{"line":19,"column":64}},"11":{"start":{"line":23,"column":4},"end":{"line":23,"column":34}},"12":{"start":{"line":27,"column":4},"end":{"line":58,"column":6}},"13":{"start":{"line":62,"column":27},"end":{"line":62,"column":61}}},"fnMap":{"0":{"name":"(anonymous_0)","decl":{"start":{"line":4,"column":2},"end":{"line":4,"column":3}},"loc":{"start":{"line":4,"column":24},"end":{"line":8,"column":3}},"line":4},"1":{"name":"(anonymous_1)","decl":{"start":{"line":10,"column":2},"end":{"line":10,"column":3}},"loc":{"start":{"line":10,"column":33},"end":{"line":20,"column":3}},"line":10},"2":{"name":"(anonymous_2)","decl":{"start":{"line":14,"column":20},"end":{"line":14,"column":21}},"loc":{"start":{"line":14,"column":32},"end":{"line":17,"column":5}},"line":14},"3":{"name":"(anonymous_3)","decl":{"start":{"line":22,"column":2},"end":{"line":22,"column":3}},"loc":{"start":{"line":22,"column":19},"end":{"line":24,"column":3}},"line":22},"4":{"name":"(anonymous_4)","decl":{"start":{"line":26,"column":2},"end":{"line":26,"column":3}},"loc":{"start":{"line":26,"column":50},"end":{"line":59,"column":3}},"line":26}},"branchMap":{},"s":{"0":0,"1":0,"2":0,"3":0,"4":0,"5":0,"6":0,"7":0,"8":0,"9":0,"10":0,"11":0,"12":0,"13":0},"f":{"0":0,"1":0,"2":0,"3":0,"4":0},"b":{}}
,"C:\\Users\\User\\Documents\\www\\aviatickets\\src\\js\\views\\form.js": {"path":"C:\\Users\\User\\Documents\\www\\aviatickets\\src\\js\\views\\form.js","statementMap":{"0":{"start":{"line":8,"column":4},"end":{"line":8,"column":52}},"1":{"start":{"line":9,"column":4},"end":{"line":9,"column":65}},"2":{"start":{"line":10,"column":4},"end":{"line":10,"column":75}},"3":{"start":{"line":11,"column":4},"end":{"line":11,"column":63}},"4":{"start":{"line":12,"column":4},"end":{"line":12,"column":63}},"5":{"start":{"line":13,"column":4},"end":{"line":13,"column":63}},"6":{"start":{"line":14,"column":4},"end":{"line":14,"column":74}},"7":{"start":{"line":15,"column":4},"end":{"line":15,"column":60}},"8":{"start":{"line":16,"column":4},"end":{"line":16,"column":60}},"9":{"start":{"line":20,"column":4},"end":{"line":20,"column":22}},"10":{"start":{"line":24,"column":4},"end":{"line":24,"column":29}},"11":{"start":{"line":28,"column":4},"end":{"line":28,"column":34}},"12":{"start":{"line":31,"column":4},"end":{"line":31,"column":44}},"13":{"start":{"line":34,"column":4},"end":{"line":34,"column":44}},"14":{"start":{"line":38,"column":4},"end":{"line":38,"column":44}},"15":{"start":{"line":39,"column":4},"end":{"line":39,"column":50}},"16":{"start":{"line":42,"column":15},"end":{"line":42,"column":73}}},"fnMap":{"0":{"name":"(anonymous_0)","decl":{"start":{"line":7,"column":2},"end":{"line":7,"column":3}},"loc":{"start":{"line":7,"column":56},"end":{"line":17,"column":3}},"line":7},"1":{"name":"(anonymous_1)","decl":{"start":{"line":19,"column":2},"end":{"line":19,"column":3}},"loc":{"start":{"line":19,"column":13},"end":{"line":21,"column":3}},"line":19},"2":{"name":"(anonymous_2)","decl":{"start":{"line":23,"column":2},"end":{"line":23,"column":3}},"loc":{"start":{"line":23,"column":20},"end":{"line":25,"column":3}},"line":23},"3":{"name":"(anonymous_3)","decl":{"start":{"line":27,"column":2},"end":{"line":27,"column":3}},"loc":{"start":{"line":27,"column":25},"end":{"line":29,"column":3}},"line":27},"4":{"name":"(anonymous_4)","decl":{"start":{"line":30,"column":2},"end":{"line":30,"column":3}},"loc":{"start":{"line":30,"column":24},"end":{"line":32,"column":3}},"line":30},"5":{"name":"(anonymous_5)","decl":{"start":{"line":33,"column":2},"end":{"line":33,"column":3}},"loc":{"start":{"line":33,"column":24},"end":{"line":35,"column":3}},"line":33},"6":{"name":"(anonymous_6)","decl":{"start":{"line":37,"column":2},"end":{"line":37,"column":3}},"loc":{"start":{"line":37,"column":28},"end":{"line":40,"column":3}},"line":37}},"branchMap":{},"s":{"0":0,"1":0,"2":0,"3":0,"4":0,"5":0,"6":0,"7":0,"8":0,"9":0,"10":0,"11":0,"12":0,"13":0,"14":0,"15":0,"16":0},"f":{"0":0,"1":0,"2":0,"3":0,"4":0,"5":0,"6":0},"b":{}}
,"C:\\Users\\User\\Documents\\www\\aviatickets\\src\\js\\views\\tickets.js": {"path":"C:\\Users\\User\\Documents\\www\\aviatickets\\src\\js\\views\\tickets.js","statementMap":{"0":{"start":{"line":5,"column":4},"end":{"line":5,"column":70}},"1":{"start":{"line":6,"column":4},"end":{"line":6,"column":71}},"2":{"start":{"line":7,"column":4},"end":{"line":7,"column":28}},"3":{"start":{"line":10,"column":4},"end":{"line":10,"column":26}},"4":{"start":{"line":11,"column":4},"end":{"line":14,"column":5}},"5":{"start":{"line":12,"column":6},"end":{"line":12,"column":30}},"6":{"start":{"line":13,"column":6},"end":{"line":13,"column":13}},"7":{"start":{"line":15,"column":19},"end":{"line":15,"column":21}},"8":{"start":{"line":16,"column":21},"end":{"line":16,"column":45}},"9":{"start":{"line":18,"column":4},"end":{"line":21,"column":7}},"10":{"start":{"line":19,"column":23},"end":{"line":19,"column":65}},"11":{"start":{"line":20,"column":6},"end":{"line":20,"column":27}},"12":{"start":{"line":23,"column":4},"end":{"line":23,"column":62}},"13":{"start":{"line":24,"column":4},"end":{"line":24,"column":68}},"14":{"start":{"line":27,"column":4},"end":{"line":27,"column":34}},"15":{"start":{"line":30,"column":21},"end":{"line":30,"column":48}},"16":{"start":{"line":31,"column":4},"end":{"line":31,"column":62}},"17":{"start":{"line":34,"column":4},"end":{"line":38,"column":6}},"18":{"start":{"line":41,"column":4},"end":{"line":87,"column":6}},"19":{"start":{"line":91,"column":18},"end":{"line":91,"column":43}}},"fnMap":{"0":{"name":"(anonymous_0)","decl":{"start":{"line":4,"column":2},"end":{"line":4,"column":3}},"loc":{"start":{"line":4,"column":24},"end":{"line":8,"column":3}},"line":4},"1":{"name":"(anonymous_1)","decl":{"start":{"line":9,"column":2},"end":{"line":9,"column":3}},"loc":{"start":{"line":9,"column":25},"end":{"line":25,"column":3}},"line":9},"2":{"name":"(anonymous_2)","decl":{"start":{"line":18,"column":20},"end":{"line":18,"column":21}},"loc":{"start":{"line":18,"column":32},"end":{"line":21,"column":5}},"line":18},"3":{"name":"(anonymous_3)","decl":{"start":{"line":26,"column":2},"end":{"line":26,"column":3}},"loc":{"start":{"line":26,"column":19},"end":{"line":28,"column":3}},"line":26},"4":{"name":"(anonymous_4)","decl":{"start":{"line":29,"column":2},"end":{"line":29,"column":3}},"loc":{"start":{"line":29,"column":21},"end":{"line":32,"column":3}},"line":29},"5":{"name":"(anonymous_5)","decl":{"start":{"line":33,"column":2},"end":{"line":33,"column":3}},"loc":{"start":{"line":33,"column":27},"end":{"line":39,"column":3}},"line":33},"6":{"name":"(anonymous_6)","decl":{"start":{"line":40,"column":2},"end":{"line":40,"column":3}},"loc":{"start":{"line":40,"column":42},"end":{"line":88,"column":3}},"line":40}},"branchMap":{"0":{"loc":{"start":{"line":11,"column":4},"end":{"line":14,"column":5}},"type":"if","locations":[{"start":{"line":11,"column":4},"end":{"line":14,"column":5}},{"start":{"line":11,"column":4},"end":{"line":14,"column":5}}],"line":11}},"s":{"0":0,"1":0,"2":0,"3":0,"4":0,"5":0,"6":0,"7":0,"8":0,"9":0,"10":0,"11":0,"12":0,"13":0,"14":0,"15":0,"16":0,"17":0,"18":0,"19":0},"f":{"0":0,"1":0,"2":0,"3":0,"4":0,"5":0,"6":0},"b":{"0":[0,0]}}
}
